<?xml version="1.0" encoding="UTF-8"?>
<!-- Generated by org.testng.reporters.JUnitReportReporter -->
<testsuite skipped="0" hostname="DESKTOP-4JBAKI8" name="tests.TC001_LoginTest" tests="1" failures="0" timestamp="30 Nov 2019 11:26:55 GMT" time="18.269" errors="0">
  <testcase name="positiveLoginTest" time="18.269" classname="tests.TC001_LoginTest"/>
</testsuite> <!-- tests.TC001_LoginTest -->
