<?xml version="1.0" encoding="UTF-8"?>
<!-- Generated by org.testng.reporters.JUnitReportReporter -->
<testsuite skipped="0" hostname="DESKTOP-4JBAKI8" name="tests.TC001_LoginTest" tests="1" failures="0" timestamp="25 May 2019 14:19:51 GMT" time="12.386" errors="0">
  <testcase name="positiveLoginTest" time="12.386" classname="tests.TC001_LoginTest"/>
</testsuite> <!-- tests.TC001_LoginTest -->
