<?xml version="1.0" encoding="UTF-8"?>
<!-- Generated by org.testng.reporters.JUnitReportReporter -->
<testsuite skipped="0" hostname="DESKTOP-4JBAKI8" name="tests.TC002_ApplyLeave" tests="1" failures="0" timestamp="25 May 2019 14:19:51 GMT" time="10.663" errors="0">
  <testcase name="applyLeave" time="10.663" classname="tests.TC002_ApplyLeave"/>
</testsuite> <!-- tests.TC002_ApplyLeave -->
