<?xml version="1.0" encoding="UTF-8"?>
<!-- Generated by org.testng.reporters.JUnitReportReporter -->
<testsuite skipped="0" hostname="DESKTOP-4JBAKI8" name="tests.TC003_ViewDashboard" tests="1" failures="0" timestamp="30 Nov 2019 11:26:55 GMT" time="18.826" errors="0">
  <testcase name="viewDashboard" time="18.826" classname="tests.TC003_ViewDashboard"/>
</testsuite> <!-- tests.TC003_ViewDashboard -->
