<?xml version="1.0" encoding="UTF-8"?>
<!-- Generated by org.testng.reporters.JUnitReportReporter -->
<testsuite skipped="0" hostname="DESKTOP-4JBAKI8" name="tests.TC003_ViewDashboard" tests="1" failures="0" timestamp="31 Dec 2018 12:17:26 GMT" time="5.980" errors="0">
  <testcase name="viewDashboard" time="5.980" classname="tests.TC003_ViewDashboard"/>
</testsuite> <!-- tests.TC003_ViewDashboard -->
