<?xml version="1.0" encoding="UTF-8"?>
<!-- Generated by org.testng.reporters.JUnitReportReporter -->
<testsuite skipped="0" hostname="DESKTOP-4JBAKI8" name="tests.TC002_ApplyLeave" tests="1" failures="0" timestamp="30 Nov 2019 11:26:55 GMT" time="18.591" errors="0">
  <testcase name="applyLeave" time="18.591" classname="tests.TC002_ApplyLeave"/>
</testsuite> <!-- tests.TC002_ApplyLeave -->
