<?xml version="1.0" encoding="UTF-8"?>
<!-- Generated by org.testng.reporters.JUnitReportReporter -->
<testsuite skipped="0" hostname="DESKTOP-4JBAKI8" name="webFramework.Driver" tests="1" failures="0" timestamp="17 Nov 2018 15:12:29 GMT" time="6.660" errors="0">
  <testcase name="firstTest" time="6.660" classname="webFramework.Driver"/>
</testsuite> <!-- webFramework.Driver -->
