<?xml version="1.0" encoding="UTF-8"?>
<!-- Generated by org.testng.reporters.JUnitReportReporter -->
<testsuite skipped="0" hostname="DESKTOP-4JBAKI8" name="tests.TC001_VerifyLeaveStatus" tests="1" failures="0" timestamp="18 Nov 2018 09:34:47 GMT" time="23.964" errors="0">
  <testcase name="verifyLeaveStatus" time="23.964" classname="tests.TC001_VerifyLeaveStatus"/>
</testsuite> <!-- tests.TC001_VerifyLeaveStatus -->
