<?xml version="1.0" encoding="UTF-8"?>
<!-- Generated by org.testng.reporters.JUnitReportReporter -->
<testsuite skipped="0" hostname="DESKTOP-4JBAKI8" name="tests.TC001_VerifyLeaveStatus" tests="1" failures="0" timestamp="30 Dec 2018 06:13:28 GMT" time="12.460" errors="0">
  <testcase name="positiveLoginTest" time="12.460" classname="tests.TC001_VerifyLeaveStatus"/>
</testsuite> <!-- tests.TC001_VerifyLeaveStatus -->
