<?xml version="1.0" encoding="UTF-8"?>
<!-- Generated by org.testng.reporters.JUnitReportReporter -->
<testsuite skipped="0" hostname="DESKTOP-4JBAKI8" name="tests.TC001_LoginTest" tests="1" failures="0" timestamp="31 Dec 2018 12:17:26 GMT" time="11.942" errors="0">
  <testcase name="positiveLoginTest" time="11.942" classname="tests.TC001_LoginTest"/>
</testsuite> <!-- tests.TC001_LoginTest -->
