<?xml version="1.0" encoding="UTF-8"?>
<!-- Generated by org.testng.reporters.JUnitReportReporter -->
<testsuite skipped="0" hostname="DESKTOP-4JBAKI8" name="tests.TC002_ApplyLeave" tests="1" failures="0" timestamp="31 Dec 2018 11:51:18 GMT" time="15.422" errors="0">
  <testcase name="applyLeave" time="15.422" classname="tests.TC002_ApplyLeave"/>
</testsuite> <!-- tests.TC002_ApplyLeave -->
